# JRE version: Java(TM) SE Runtime Environment (16.0.2+7) (build 16.0.2+7-67)
# Java VM: Java HotSpot(TM) 64-Bit Server VM (16.0.2+7-67, mixed mode, sharing, tiered, compressed oops, compressed class ptrs, g1 gc, windows-amd64)
GC Precious Log:
 CPUs: 4 total, 4 available
 Memory: 20447M
 Large Page Support: Disabled
 NUMA Support: Disabled
 Compressed Oops: Enabled (Zero based)
 Heap Region Size: 4M
 Heap Min Capacity: 8M
 Heap Initial Capacity: 320M
 Heap Max Capacity: 5112M
 Pre-touch: Disabled
 Parallel Workers: 4
 Concurrent Workers: 1
 Concurrent Refinement Workers: 4
 Periodic GC: Disabled
Heap:
 garbage-first heap   total 327680K, used 194681K [0x00000006c0800000, 0x0000000800000000)
  region size 4096K, 48 young (196608K), 1 survivors (4096K)
 Metaspace       used 6698K, committed 6912K, reserved 1056768K
  class space    used 661K, committed 768K, reserved 1048576K
GC Heap History (20 events):
Event: 5.587 GC heap before
{Heap before GC invocations=5 (full 0):
 garbage-first heap   total 327680K, used 198777K [0x00000006c0800000, 0x0000000800000000)
  region size 4096K, 48 young (196608K), 1 survivors (4096K)
 Metaspace       used 6527K, committed 6720K, reserved 1056768K
  class space    used 657K, committed 768K, reserved 1048576K
}
Event: 5.587 GC heap after
{Heap after GC invocations=6 (full 0):
 garbage-first heap   total 327680K, used 6265K [0x00000006c0800000, 0x0000000800000000)
  region size 4096K, 1 young (4096K), 1 survivors (4096K)
 Metaspace       used 6527K, committed 6720K, reserved 1056768K
  class space    used 657K, committed 768K, reserved 1048576K
}
Event: 6.742 GC heap before
{Heap before GC invocations=6 (full 0):
 garbage-first heap   total 327680K, used 198777K [0x00000006c0800000, 0x0000000800000000)
  region size 4096K, 48 young (196608K), 1 survivors (4096K)
 Metaspace       used 6527K, committed 6720K, reserved 1056768K
  class space    used 657K, committed 768K, reserved 1048576K
}
Event: 6.742 GC heap after
{Heap after GC invocations=7 (full 0):
 garbage-first heap   total 327680K, used 6261K [0x00000006c0800000, 0x0000000800000000)
  region size 4096K, 1 young (4096K), 1 survivors (4096K)
 Metaspace       used 6527K, committed 6720K, reserved 1056768K
  class space    used 657K, committed 768K, reserved 1048576K
}
Event: 7.892 GC heap before
{Heap before GC invocations=7 (full 0):
 garbage-first heap   total 327680K, used 198773K [0x00000006c0800000, 0x0000000800000000)
  region size 4096K, 48 young (196608K), 1 survivors (4096K)
 Metaspace       used 6527K, committed 6720K, reserved 1056768K
  class space    used 657K, committed 768K, reserved 1048576K
}
Event: 7.893 GC heap after
{Heap after GC invocations=8 (full 0):
 garbage-first heap   total 327680K, used 6263K [0x00000006c0800000, 0x0000000800000000)
  region size 4096K, 1 young (4096K), 1 survivors (4096K)
 Metaspace       used 6527K, committed 6720K, reserved 1056768K
  class space    used 657K, committed 768K, reserved 1048576K
}
Event: 9.070 GC heap before
{Heap before GC invocations=8 (full 0):
 garbage-first heap   total 327680K, used 198775K [0x00000006c0800000, 0x0000000800000000)
  region size 4096K, 48 young (196608K), 1 survivors (4096K)
 Metaspace       used 6527K, committed 6720K, reserved 1056768K
  class space    used 657K, committed 768K, reserved 1048576K
}
Event: 9.071 GC heap after
{Heap after GC invocations=9 (full 0):
 garbage-first heap   total 327680K, used 6259K [0x00000006c0800000, 0x0000000800000000)
  region size 4096K, 1 young (4096K), 1 survivors (4096K)
 Metaspace       used 6527K, committed 6720K, reserved 1056768K
  class space    used 657K, committed 768K, reserved 1048576K
}
Event: 10.767 GC heap before
{Heap before GC invocations=9 (full 0):
 garbage-first heap   total 327680K, used 198771K [0x00000006c0800000, 0x0000000800000000)
  region size 4096K, 48 young (196608K), 1 survivors (4096K)
 Metaspace       used 6527K, committed 6720K, reserved 1056768K
  class space    used 657K, committed 768K, reserved 1048576K
}
Event: 10.767 GC heap after
{Heap after GC invocations=10 (full 0):
 garbage-first heap   total 327680K, used 6263K [0x00000006c0800000, 0x0000000800000000)
  region size 4096K, 1 young (4096K), 1 survivors (4096K)
 Metaspace       used 6527K, committed 6720K, reserved 1056768K
  class space    used 657K, committed 768K, reserved 1048576K
}
Event: 11.942 GC heap before
{Heap before GC invocations=10 (full 0):
 garbage-first heap   total 327680K, used 198775K [0x00000006c0800000, 0x0000000800000000)
  region size 4096K, 48 young (196608K), 1 survivors (4096K)
 Metaspace       used 6527K, committed 6720K, reserved 1056768K
  class space    used 657K, committed 768K, reserved 1048576K
}
Event: 11.942 GC heap after
{Heap after GC invocations=11 (full 0):
 garbage-first heap   total 327680K, used 6263K [0x00000006c0800000, 0x0000000800000000)
  region size 4096K, 1 young (4096K), 1 survivors (4096K)
 Metaspace       used 6527K, committed 6720K, reserved 1056768K
  class space    used 657K, committed 768K, reserved 1048576K
}
Event: 13.104 GC heap before
{Heap before GC invocations=11 (full 0):
 garbage-first heap   total 327680K, used 198775K [0x00000006c0800000, 0x0000000800000000)
  region size 4096K, 48 young (196608K), 1 survivors (4096K)
 Metaspace       used 6527K, committed 6720K, reserved 1056768K
  class space    used 657K, committed 768K, reserved 1048576K
}
Event: 13.104 GC heap after
{Heap after GC invocations=12 (full 0):
 garbage-first heap   total 327680K, used 6265K [0x00000006c0800000, 0x0000000800000000)
  region size 4096K, 1 young (4096K), 1 survivors (4096K)
 Metaspace       used 6527K, committed 6720K, reserved 1056768K
  class space    used 657K, committed 768K, reserved 1048576K
}
Event: 14.274 GC heap before
{Heap before GC invocations=12 (full 0):
 garbage-first heap   total 327680K, used 198777K [0x00000006c0800000, 0x0000000800000000)
  region size 4096K, 48 young (196608K), 1 survivors (4096K)
 Metaspace       used 6527K, committed 6720K, reserved 1056768K
  class space    used 657K, committed 768K, reserved 1048576K
}
Event: 14.274 GC heap after
{Heap after GC invocations=13 (full 0):
 garbage-first heap   total 327680K, used 6265K [0x00000006c0800000, 0x0000000800000000)
  region size 4096K, 1 young (4096K), 1 survivors (4096K)
 Metaspace       used 6527K, committed 6720K, reserved 1056768K
  class space    used 657K, committed 768K, reserved 1048576K
}
Event: 15.435 GC heap before
{Heap before GC invocations=13 (full 0):
 garbage-first heap   total 327680K, used 198777K [0x00000006c0800000, 0x0000000800000000)
  region size 4096K, 48 young (196608K), 1 survivors (4096K)
 Metaspace       used 6527K, committed 6720K, reserved 1056768K
  class space    used 657K, committed 768K, reserved 1048576K
}
Event: 15.435 GC heap after
{Heap after GC invocations=14 (full 0):
 garbage-first heap   total 327680K, used 6265K [0x00000006c0800000, 0x0000000800000000)
  region size 4096K, 1 young (4096K), 1 survivors (4096K)
 Metaspace       used 6527K, committed 6720K, reserved 1056768K
  class space    used 657K, committed 768K, reserved 1048576K
}
Event: 16.599 GC heap before
{Heap before GC invocations=14 (full 0):
 garbage-first heap   total 327680K, used 198777K [0x00000006c0800000, 0x0000000800000000)
  region size 4096K, 48 young (196608K), 1 survivors (4096K)
 Metaspace       used 6527K, committed 6720K, reserved 1056768K
  class space    used 657K, committed 768K, reserved 1048576K
}
Event: 16.600 GC heap after
{Heap after GC invocations=15 (full 0):
 garbage-first heap   total 327680K, used 6265K [0x00000006c0800000, 0x0000000800000000)
  region size 4096K, 1 young (4096K), 1 survivors (4096K)
 Metaspace       used 6527K, committed 6720K, reserved 1056768K
  class space    used 657K, committed 768K, reserved 1048576K
}

