# JRE version: Java(TM) SE Runtime Environment (16.0.2+7) (build 16.0.2+7-67)
# Java VM: Java HotSpot(TM) 64-Bit Server VM (16.0.2+7-67, mixed mode, sharing, tiered, compressed oops, compressed class ptrs, g1 gc, windows-amd64)
GC Precious Log:
 CPUs: 4 total, 4 available
 Memory: 20447M
 Large Page Support: Disabled
 NUMA Support: Disabled
 Compressed Oops: Enabled (Zero based)
 Heap Region Size: 4M
 Heap Min Capacity: 8M
 Heap Initial Capacity: 320M
 Heap Max Capacity: 5112M
 Pre-touch: Disabled
 Parallel Workers: 4
 Concurrent Workers: 1
 Concurrent Refinement Workers: 4
 Periodic GC: Disabled
Heap:
 garbage-first heap   total 327680K, used 195915K [0x00000006c0800000, 0x0000000800000000)
  region size 4096K, 48 young (196608K), 1 survivors (4096K)
 Metaspace       used 8232K, committed 8512K, reserved 1056768K
  class space    used 813K, committed 960K, reserved 1048576K
GC Heap History (17 events):
Event: 5004.331 GC heap before
{Heap before GC invocations=0 (full 0):
 garbage-first heap   total 327680K, used 20480K [0x00000006c0800000, 0x0000000800000000)
  region size 4096K, 4 young (16384K), 0 survivors (0K)
 Metaspace       used 7255K, committed 7424K, reserved 1056768K
  class space    used 769K, committed 832K, reserved 1048576K
}
Event: 5004.337 GC heap after
{Heap after GC invocations=1 (full 0):
 garbage-first heap   total 327680K, used 3114K [0x00000006c0800000, 0x0000000800000000)
  region size 4096K, 1 young (4096K), 1 survivors (4096K)
 Metaspace       used 7255K, committed 7424K, reserved 1056768K
  class space    used 769K, committed 832K, reserved 1048576K
}
Event: 5016.813 GC heap before
{Heap before GC invocations=1 (full 0):
 garbage-first heap   total 327680K, used 15402K [0x00000006c0800000, 0x0000000800000000)
  region size 4096K, 4 young (16384K), 1 survivors (4096K)
 Metaspace       used 7916K, committed 8192K, reserved 1056768K
  class space    used 807K, committed 960K, reserved 1048576K
}
Event: 5016.815 GC heap after
{Heap after GC invocations=2 (full 0):
 garbage-first heap   total 327680K, used 3689K [0x00000006c0800000, 0x0000000800000000)
  region size 4096K, 1 young (4096K), 1 survivors (4096K)
 Metaspace       used 7916K, committed 8192K, reserved 1056768K
  class space    used 807K, committed 960K, reserved 1048576K
}
Event: 5039.112 GC heap before
{Heap before GC invocations=2 (full 0):
 garbage-first heap   total 327680K, used 40553K [0x00000006c0800000, 0x0000000800000000)
  region size 4096K, 10 young (40960K), 1 survivors (4096K)
 Metaspace       used 8125K, committed 8384K, reserved 1056768K
  class space    used 811K, committed 960K, reserved 1048576K
}
Event: 5039.113 GC heap after
{Heap after GC invocations=3 (full 0):
 garbage-first heap   total 327680K, used 3371K [0x00000006c0800000, 0x0000000800000000)
  region size 4096K, 1 young (4096K), 1 survivors (4096K)
 Metaspace       used 8125K, committed 8384K, reserved 1056768K
  class space    used 811K, committed 960K, reserved 1048576K
}
Event: 5147.012 GC heap before
{Heap before GC invocations=3 (full 0):
 garbage-first heap   total 327680K, used 195883K [0x00000006c0800000, 0x0000000800000000)
  region size 4096K, 48 young (196608K), 1 survivors (4096K)
 Metaspace       used 8169K, committed 8448K, reserved 1056768K
  class space    used 811K, committed 960K, reserved 1048576K
}
Event: 5147.013 GC heap after
{Heap after GC invocations=4 (full 0):
 garbage-first heap   total 327680K, used 3317K [0x00000006c0800000, 0x0000000800000000)
  region size 4096K, 1 young (4096K), 1 survivors (4096K)
 Metaspace       used 8169K, committed 8448K, reserved 1056768K
  class space    used 811K, committed 960K, reserved 1048576K
}
Event: 5255.112 GC heap before
{Heap before GC invocations=4 (full 0):
 garbage-first heap   total 327680K, used 195829K [0x00000006c0800000, 0x0000000800000000)
  region size 4096K, 48 young (196608K), 1 survivors (4096K)
 Metaspace       used 8184K, committed 8448K, reserved 1056768K
  class space    used 813K, committed 960K, reserved 1048576K
}
Event: 5255.113 GC heap after
{Heap after GC invocations=5 (full 0):
 garbage-first heap   total 327680K, used 3400K [0x00000006c0800000, 0x0000000800000000)
  region size 4096K, 1 young (4096K), 1 survivors (4096K)
 Metaspace       used 8184K, committed 8448K, reserved 1056768K
  class space    used 813K, committed 960K, reserved 1048576K
}
Event: 5360.313 GC heap before
{Heap before GC invocations=5 (full 0):
 garbage-first heap   total 327680K, used 195912K [0x00000006c0800000, 0x0000000800000000)
  region size 4096K, 48 young (196608K), 1 survivors (4096K)
 Metaspace       used 8207K, committed 8512K, reserved 1056768K
  class space    used 813K, committed 960K, reserved 1048576K
}
Event: 5360.315 GC heap after
{Heap after GC invocations=6 (full 0):
 garbage-first heap   total 327680K, used 3431K [0x00000006c0800000, 0x0000000800000000)
  region size 4096K, 1 young (4096K), 1 survivors (4096K)
 Metaspace       used 8207K, committed 8512K, reserved 1056768K
  class space    used 813K, committed 960K, reserved 1048576K
}
Event: 5469.111 GC heap before
{Heap before GC invocations=6 (full 0):
 garbage-first heap   total 327680K, used 195943K [0x00000006c0800000, 0x0000000800000000)
  region size 4096K, 48 young (196608K), 1 survivors (4096K)
 Metaspace       used 8215K, committed 8512K, reserved 1056768K
  class space    used 813K, committed 960K, reserved 1048576K
}
Event: 5469.113 GC heap after
{Heap after GC invocations=7 (full 0):
 garbage-first heap   total 327680K, used 3424K [0x00000006c0800000, 0x0000000800000000)
  region size 4096K, 1 young (4096K), 1 survivors (4096K)
 Metaspace       used 8215K, committed 8512K, reserved 1056768K
  class space    used 813K, committed 960K, reserved 1048576K
}
Event: 5579.812 GC heap before
{Heap before GC invocations=7 (full 0):
 garbage-first heap   total 327680K, used 195936K [0x00000006c0800000, 0x0000000800000000)
  region size 4096K, 48 young (196608K), 1 survivors (4096K)
 Metaspace       used 8222K, committed 8512K, reserved 1056768K
  class space    used 813K, committed 960K, reserved 1048576K
}
Event: 5579.813 GC heap after
{Heap after GC invocations=8 (full 0):
 garbage-first heap   total 327680K, used 3403K [0x00000006c0800000, 0x0000000800000000)
  region size 4096K, 1 young (4096K), 1 survivors (4096K)
 Metaspace       used 8222K, committed 8512K, reserved 1056768K
  class space    used 813K, committed 960K, reserved 1048576K
}
Event: 5688.312 GC heap before
{Heap before GC invocations=8 (full 0):
 garbage-first heap   total 327680K, used 195915K [0x00000006c0800000, 0x0000000800000000)
  region size 4096K, 48 young (196608K), 1 survivors (4096K)
 Metaspace       used 8232K, committed 8512K, reserved 1056768K
  class space    used 813K, committed 960K, reserved 1048576K
}

